<?xml version="1.0" encoding="UTF-8"?>
<!-- Generated by org.testng.reporters.JUnitReportReporter -->
<testsuite hostname="DESKTOP-PRHB8P6" failures="0" tests="1" name="Lower_Uper" time="2.431" errors="0" timestamp="2022-11-25T18:21:45 EET" skipped="0">
  <testcase classname="Lower_Uper" name="Check_Low_To_High" time="2.431"/>
  <system-out/>
</testsuite> <!-- Lower_Uper -->
