<?xml version="1.0" encoding="UTF-8"?>
<!-- Generated by org.testng.reporters.JUnitReportReporter -->
<testsuite hostname="DESKTOP-PRHB8P6" failures="0" tests="1" name="Low_Price" time="6.330" errors="0" timestamp="2022-11-25T13:23:02 EET" skipped="0">
  <testcase classname="Low_Price" name="Test_low_the_Price" time="6.330"/>
  <system-out/>
</testsuite> <!-- Low_Price -->
