<?xml version="1.0" encoding="UTF-8"?>
<!-- Generated by org.testng.reporters.JUnitReportReporter -->
<testsuite hostname="DESKTOP-PRHB8P6" failures="0" tests="1" name="Check_High_Price" time="2.290" errors="0" timestamp="2022-11-25T18:33:34 EET" skipped="0">
  <testcase classname="Check_High_Price" name="High_Price" time="2.290"/>
  <system-out/>
</testsuite> <!-- Check_High_Price -->
